
state 0
	$accept: .list $end 
	list: .    (1)

	DIGIT  shift 14
	LETTER  shift 12
	'-'  shift 9
	'['  shift 10
	'?'  shift 7
	'('  shift 8
	.  reduce 1 (src line 79)

	variable  goto 5
	expr  goto 4
	number  goto 11
	exprArray  goto 6
	array  goto 13
	unittest  goto 3
	list  goto 1
	stat  goto 2

state 1
	$accept:  list.$end 

	$end  accept
	.  error


state 2
	list:  stat.'\n' 

	'\n'  shift 15
	.  error


state 3
	list:  unittest.    (3)

	.  reduce 3 (src line 82)


state 4
	stat:  expr.    (7)
	expr:  expr.'+' expr 
	expr:  expr.'-' expr 
	expr:  expr.'*' expr 
	expr:  expr.'/' expr 
	expr:  expr.'%' expr 
	expr:  expr.'&' expr 
	expr:  expr.'|' expr 

	'|'  shift 22
	'&'  shift 21
	'+'  shift 16
	'-'  shift 17
	'*'  shift 18
	'/'  shift 19
	'%'  shift 20
	.  reduce 7 (src line 112)


state 5
	stat:  variable.'=' expr 
	stat:  variable.'=' exprArray 
	stat:  variable.'=' twoDarray 
	stat:  variable.'=' threeDarray 
	expr:  variable.    (26)
	variable:  variable.LETTER 

	LETTER  shift 24
	'='  shift 23
	.  reduce 26 (src line 198)


state 6
	stat:  exprArray.    (9)
	exprArray:  exprArray.'+' '[' variable ']' 
	exprArray:  exprArray.'+' array 

	'+'  shift 25
	.  reduce 9 (src line 118)


state 7
	unittest:  '?'.array '\n' 
	unittest:  '?'.number '\n' 
	unittest:  '?'.variable '\n' 

	DIGIT  shift 14
	LETTER  shift 12
	'['  shift 29
	.  error

	variable  goto 28
	number  goto 27
	array  goto 26

state 8
	expr:  '('.expr ')' 

	DIGIT  shift 14
	LETTER  shift 12
	'-'  shift 9
	'['  shift 32
	'('  shift 8
	.  error

	variable  goto 31
	expr  goto 30
	number  goto 33

state 9
	expr:  '-'.expr 

	DIGIT  shift 14
	LETTER  shift 12
	'-'  shift 9
	'['  shift 32
	'('  shift 8
	.  error

	variable  goto 31
	expr  goto 34
	number  goto 33

state 10
	exprArray:  '['.variable ']' 
	expr:  '['.'[' variable ']' ']' 
	expr:  '['.'[' '[' variable ']' ']' ']' 
	array:  '['.']' 
	array:  '['.number ']' 
	array:  '['.array ']' 

	DIGIT  shift 14
	LETTER  shift 12
	'['  shift 36
	']'  shift 37
	.  error

	variable  goto 35
	number  goto 38
	array  goto 39

state 11
	expr:  number.    (29)
	array:  number.',' number 
	number:  number.DIGIT 

	DIGIT  shift 41
	','  shift 40
	.  reduce 29 (src line 210)


state 12
	variable:  LETTER.    (43)

	.  reduce 43 (src line 294)


state 13
	exprArray:  array.    (14)
	array:  array.',' number 

	','  shift 42
	.  reduce 14 (src line 141)


state 14
	number:  DIGIT.    (41)

	.  reduce 41 (src line 273)


state 15
	list:  stat '\n'.    (2)

	.  reduce 2 (src line 80)


state 16
	expr:  expr '+'.expr 

	DIGIT  shift 14
	LETTER  shift 12
	'-'  shift 9
	'['  shift 32
	'('  shift 8
	.  error

	variable  goto 31
	expr  goto 43
	number  goto 33

state 17
	expr:  expr '-'.expr 

	DIGIT  shift 14
	LETTER  shift 12
	'-'  shift 9
	'['  shift 32
	'('  shift 8
	.  error

	variable  goto 31
	expr  goto 44
	number  goto 33

state 18
	expr:  expr '*'.expr 

	DIGIT  shift 14
	LETTER  shift 12
	'-'  shift 9
	'['  shift 32
	'('  shift 8
	.  error

	variable  goto 31
	expr  goto 45
	number  goto 33

state 19
	expr:  expr '/'.expr 

	DIGIT  shift 14
	LETTER  shift 12
	'-'  shift 9
	'['  shift 32
	'('  shift 8
	.  error

	variable  goto 31
	expr  goto 46
	number  goto 33

state 20
	expr:  expr '%'.expr 

	DIGIT  shift 14
	LETTER  shift 12
	'-'  shift 9
	'['  shift 32
	'('  shift 8
	.  error

	variable  goto 31
	expr  goto 47
	number  goto 33

state 21
	expr:  expr '&'.expr 

	DIGIT  shift 14
	LETTER  shift 12
	'-'  shift 9
	'['  shift 32
	'('  shift 8
	.  error

	variable  goto 31
	expr  goto 48
	number  goto 33

state 22
	expr:  expr '|'.expr 

	DIGIT  shift 14
	LETTER  shift 12
	'-'  shift 9
	'['  shift 32
	'('  shift 8
	.  error

	variable  goto 31
	expr  goto 49
	number  goto 33

state 23
	stat:  variable '='.expr 
	stat:  variable '='.exprArray 
	stat:  variable '='.twoDarray 
	stat:  variable '='.threeDarray 

	DIGIT  shift 14
	LETTER  shift 12
	'-'  shift 9
	'['  shift 54
	'('  shift 8
	.  error

	variable  goto 31
	expr  goto 50
	number  goto 11
	exprArray  goto 51
	array  goto 13
	twoDarray  goto 52
	threeDarray  goto 53

state 24
	variable:  variable LETTER.    (44)

	.  reduce 44 (src line 299)


state 25
	exprArray:  exprArray '+'.'[' variable ']' 
	exprArray:  exprArray '+'.array 

	DIGIT  shift 14
	'['  shift 55
	.  error

	number  goto 57
	array  goto 56

state 26
	unittest:  '?' array.'\n' 
	array:  array.',' number 

	'\n'  shift 58
	','  shift 42
	.  error


state 27
	unittest:  '?' number.'\n' 
	array:  number.',' number 
	number:  number.DIGIT 

	DIGIT  shift 41
	'\n'  shift 59
	','  shift 40
	.  error


state 28
	unittest:  '?' variable.'\n' 
	variable:  variable.LETTER 

	LETTER  shift 24
	'\n'  shift 60
	.  error


state 29
	array:  '['.']' 
	array:  '['.number ']' 
	array:  '['.array ']' 

	DIGIT  shift 14
	'['  shift 29
	']'  shift 37
	.  error

	number  goto 38
	array  goto 39

state 30
	expr:  '(' expr.')' 
	expr:  expr.'+' expr 
	expr:  expr.'-' expr 
	expr:  expr.'*' expr 
	expr:  expr.'/' expr 
	expr:  expr.'%' expr 
	expr:  expr.'&' expr 
	expr:  expr.'|' expr 

	'|'  shift 22
	'&'  shift 21
	'+'  shift 16
	'-'  shift 17
	'*'  shift 18
	'/'  shift 19
	'%'  shift 20
	')'  shift 61
	.  error


state 31
	expr:  variable.    (26)
	variable:  variable.LETTER 

	LETTER  shift 24
	.  reduce 26 (src line 198)


state 32
	expr:  '['.'[' variable ']' ']' 
	expr:  '['.'[' '[' variable ']' ']' ']' 

	'['  shift 62
	.  error


state 33
	expr:  number.    (29)
	number:  number.DIGIT 

	DIGIT  shift 41
	.  reduce 29 (src line 210)


state 34
	expr:  expr.'+' expr 
	expr:  expr.'-' expr 
	expr:  expr.'*' expr 
	expr:  expr.'/' expr 
	expr:  expr.'%' expr 
	expr:  expr.'&' expr 
	expr:  expr.'|' expr 
	expr:  '-' expr.    (25)

	.  reduce 25 (src line 194)


state 35
	exprArray:  '[' variable.']' 
	variable:  variable.LETTER 

	LETTER  shift 24
	']'  shift 63
	.  error


state 36
	expr:  '[' '['.variable ']' ']' 
	expr:  '[' '['.'[' variable ']' ']' ']' 
	array:  '['.']' 
	array:  '['.number ']' 
	array:  '['.array ']' 

	DIGIT  shift 14
	LETTER  shift 12
	'['  shift 65
	']'  shift 37
	.  error

	variable  goto 64
	number  goto 38
	array  goto 39

state 37
	array:  '[' ']'.    (36)

	.  reduce 36 (src line 247)


state 38
	array:  '[' number.']' 
	array:  number.',' number 
	number:  number.DIGIT 

	DIGIT  shift 41
	']'  shift 66
	','  shift 40
	.  error


state 39
	array:  array.',' number 
	array:  '[' array.']' 

	']'  shift 67
	','  shift 42
	.  error


state 40
	array:  number ','.number 

	DIGIT  shift 14
	.  error

	number  goto 68

state 41
	number:  number DIGIT.    (42)

	.  reduce 42 (src line 283)


state 42
	array:  array ','.number 

	DIGIT  shift 14
	.  error

	number  goto 69

state 43
	expr:  expr.'+' expr 
	expr:  expr '+' expr.    (18)
	expr:  expr.'-' expr 
	expr:  expr.'*' expr 
	expr:  expr.'/' expr 
	expr:  expr.'%' expr 
	expr:  expr.'&' expr 
	expr:  expr.'|' expr 

	'*'  shift 18
	'/'  shift 19
	'%'  shift 20
	.  reduce 18 (src line 166)


state 44
	expr:  expr.'+' expr 
	expr:  expr.'-' expr 
	expr:  expr '-' expr.    (19)
	expr:  expr.'*' expr 
	expr:  expr.'/' expr 
	expr:  expr.'%' expr 
	expr:  expr.'&' expr 
	expr:  expr.'|' expr 

	'*'  shift 18
	'/'  shift 19
	'%'  shift 20
	.  reduce 19 (src line 170)


state 45
	expr:  expr.'+' expr 
	expr:  expr.'-' expr 
	expr:  expr.'*' expr 
	expr:  expr '*' expr.    (20)
	expr:  expr.'/' expr 
	expr:  expr.'%' expr 
	expr:  expr.'&' expr 
	expr:  expr.'|' expr 

	.  reduce 20 (src line 174)


state 46
	expr:  expr.'+' expr 
	expr:  expr.'-' expr 
	expr:  expr.'*' expr 
	expr:  expr.'/' expr 
	expr:  expr '/' expr.    (21)
	expr:  expr.'%' expr 
	expr:  expr.'&' expr 
	expr:  expr.'|' expr 

	.  reduce 21 (src line 178)


state 47
	expr:  expr.'+' expr 
	expr:  expr.'-' expr 
	expr:  expr.'*' expr 
	expr:  expr.'/' expr 
	expr:  expr.'%' expr 
	expr:  expr '%' expr.    (22)
	expr:  expr.'&' expr 
	expr:  expr.'|' expr 

	.  reduce 22 (src line 182)


state 48
	expr:  expr.'+' expr 
	expr:  expr.'-' expr 
	expr:  expr.'*' expr 
	expr:  expr.'/' expr 
	expr:  expr.'%' expr 
	expr:  expr.'&' expr 
	expr:  expr '&' expr.    (23)
	expr:  expr.'|' expr 

	'+'  shift 16
	'-'  shift 17
	'*'  shift 18
	'/'  shift 19
	'%'  shift 20
	.  reduce 23 (src line 186)


state 49
	expr:  expr.'+' expr 
	expr:  expr.'-' expr 
	expr:  expr.'*' expr 
	expr:  expr.'/' expr 
	expr:  expr.'%' expr 
	expr:  expr.'&' expr 
	expr:  expr.'|' expr 
	expr:  expr '|' expr.    (24)

	'&'  shift 21
	'+'  shift 16
	'-'  shift 17
	'*'  shift 18
	'/'  shift 19
	'%'  shift 20
	.  reduce 24 (src line 190)


state 50
	stat:  variable '=' expr.    (8)
	expr:  expr.'+' expr 
	expr:  expr.'-' expr 
	expr:  expr.'*' expr 
	expr:  expr.'/' expr 
	expr:  expr.'%' expr 
	expr:  expr.'&' expr 
	expr:  expr.'|' expr 

	'|'  shift 22
	'&'  shift 21
	'+'  shift 16
	'-'  shift 17
	'*'  shift 18
	'/'  shift 19
	'%'  shift 20
	.  reduce 8 (src line 114)


state 51
	stat:  variable '=' exprArray.    (10)
	exprArray:  exprArray.'+' '[' variable ']' 
	exprArray:  exprArray.'+' array 

	'+'  shift 25
	.  reduce 10 (src line 122)


state 52
	stat:  variable '=' twoDarray.    (11)
	twoDarray:  twoDarray.',' array 
	twoDarray:  twoDarray.']' 

	']'  shift 71
	','  shift 70
	.  reduce 11 (src line 126)


state 53
	stat:  variable '=' threeDarray.    (12)
	threeDarray:  threeDarray.',' twoDarray 
	threeDarray:  threeDarray.']' 

	']'  shift 73
	','  shift 72
	.  reduce 12 (src line 130)


state 54
	exprArray:  '['.variable ']' 
	expr:  '['.'[' variable ']' ']' 
	expr:  '['.'[' '[' variable ']' ']' ']' 
	threeDarray:  '['.twoDarray 
	twoDarray:  '['.array 
	array:  '['.']' 
	array:  '['.number ']' 
	array:  '['.array ']' 

	DIGIT  shift 14
	LETTER  shift 12
	'['  shift 74
	']'  shift 37
	.  error

	variable  goto 35
	number  goto 38
	array  goto 76
	twoDarray  goto 75

state 55
	exprArray:  exprArray '+' '['.variable ']' 
	array:  '['.']' 
	array:  '['.number ']' 
	array:  '['.array ']' 

	DIGIT  shift 14
	LETTER  shift 12
	'['  shift 29
	']'  shift 37
	.  error

	variable  goto 77
	number  goto 38
	array  goto 39

state 56
	exprArray:  exprArray '+' array.    (16)
	array:  array.',' number 

	','  shift 42
	.  reduce 16 (src line 152)


state 57
	array:  number.',' number 
	number:  number.DIGIT 

	DIGIT  shift 41
	','  shift 40
	.  error


state 58
	unittest:  '?' array '\n'.    (4)

	.  reduce 4 (src line 88)


state 59
	unittest:  '?' number '\n'.    (5)

	.  reduce 5 (src line 94)


state 60
	unittest:  '?' variable '\n'.    (6)

	.  reduce 6 (src line 99)


state 61
	expr:  '(' expr ')'.    (17)

	.  reduce 17 (src line 161)


state 62
	expr:  '[' '['.variable ']' ']' 
	expr:  '[' '['.'[' variable ']' ']' ']' 

	LETTER  shift 12
	'['  shift 78
	.  error

	variable  goto 64

state 63
	exprArray:  '[' variable ']'.    (13)

	.  reduce 13 (src line 136)


state 64
	expr:  '[' '[' variable.']' ']' 
	variable:  variable.LETTER 

	LETTER  shift 24
	']'  shift 79
	.  error


state 65
	expr:  '[' '[' '['.variable ']' ']' ']' 
	array:  '['.']' 
	array:  '['.number ']' 
	array:  '['.array ']' 

	DIGIT  shift 14
	LETTER  shift 12
	'['  shift 29
	']'  shift 37
	.  error

	variable  goto 80
	number  goto 38
	array  goto 39

state 66
	array:  '[' number ']'.    (37)

	.  reduce 37 (src line 252)


state 67
	array:  '[' array ']'.    (40)

	.  reduce 40 (src line 265)


state 68
	array:  number ',' number.    (38)
	number:  number.DIGIT 

	DIGIT  shift 41
	.  reduce 38 (src line 256)


state 69
	array:  array ',' number.    (39)
	number:  number.DIGIT 

	DIGIT  shift 41
	.  reduce 39 (src line 260)


state 70
	twoDarray:  twoDarray ','.array 

	DIGIT  shift 14
	'['  shift 29
	.  error

	number  goto 57
	array  goto 81

state 71
	twoDarray:  twoDarray ']'.    (35)

	.  reduce 35 (src line 239)


state 72
	threeDarray:  threeDarray ','.twoDarray 

	'['  shift 83
	.  error

	twoDarray  goto 82

state 73
	threeDarray:  threeDarray ']'.    (32)

	.  reduce 32 (src line 223)


state 74
	expr:  '[' '['.variable ']' ']' 
	expr:  '[' '['.'[' variable ']' ']' ']' 
	twoDarray:  '['.array 
	array:  '['.']' 
	array:  '['.number ']' 
	array:  '['.array ']' 

	DIGIT  shift 14
	LETTER  shift 12
	'['  shift 65
	']'  shift 37
	.  error

	variable  goto 64
	number  goto 38
	array  goto 76

state 75
	threeDarray:  '[' twoDarray.    (30)
	twoDarray:  twoDarray.',' array 
	twoDarray:  twoDarray.']' 

	']'  shift 71
	','  shift 70
	.  reduce 30 (src line 214)


state 76
	twoDarray:  '[' array.    (33)
	array:  array.',' number 
	array:  '[' array.']' 

	']'  shift 67
	','  shift 42
	.  reduce 33 (src line 230)


state 77
	exprArray:  exprArray '+' '[' variable.']' 
	variable:  variable.LETTER 

	LETTER  shift 24
	']'  shift 84
	.  error


state 78
	expr:  '[' '[' '['.variable ']' ']' ']' 

	LETTER  shift 12
	.  error

	variable  goto 80

state 79
	expr:  '[' '[' variable ']'.']' 

	']'  shift 85
	.  error


state 80
	expr:  '[' '[' '[' variable.']' ']' ']' 
	variable:  variable.LETTER 

	LETTER  shift 24
	']'  shift 86
	.  error


state 81
	twoDarray:  twoDarray ',' array.    (34)
	array:  array.',' number 

	.  reduce 34 (src line 235)


state 82
	threeDarray:  threeDarray ',' twoDarray.    (31)
	twoDarray:  twoDarray.',' array 
	twoDarray:  twoDarray.']' 

	.  reduce 31 (src line 219)


state 83
	twoDarray:  '['.array 

	DIGIT  shift 14
	'['  shift 29
	.  error

	number  goto 57
	array  goto 87

state 84
	exprArray:  exprArray '+' '[' variable ']'.    (15)

	.  reduce 15 (src line 145)


state 85
	expr:  '[' '[' variable ']' ']'.    (27)

	.  reduce 27 (src line 202)


state 86
	expr:  '[' '[' '[' variable ']'.']' ']' 

	']'  shift 88
	.  error


state 87
	twoDarray:  '[' array.    (33)
	array:  array.',' number 

	','  shift 42
	.  reduce 33 (src line 230)


state 88
	expr:  '[' '[' '[' variable ']' ']'.']' 

	']'  shift 89
	.  error


state 89
	expr:  '[' '[' '[' variable ']' ']' ']'.    (28)

	.  reduce 28 (src line 206)


24 terminals, 11 nonterminals
45 grammar rules, 90/16000 states
0 shift/reduce, 0 reduce/reduce conflicts reported
60 working sets used
memory: parser 74/240000
22 extra closures
185 shift entries, 1 exceptions
56 goto entries
21 entries saved by goto default
Optimizer space used: output 172/240000
172 table entries, 3 zero
maximum spread: 24, maximum offset: 83
