
state 0
	$accept: .list $end 
	list: .    (1)

	DIGIT  shift 9
	LETTER  shift 4
	'-'  shift 6
	'('  shift 5
	'['  shift 7
	.  reduce 1 (src line 46)

	expr  goto 3
	number  goto 8
	list  goto 1
	stat  goto 2

state 1
	$accept:  list.$end 

	$end  accept
	.  error


state 2
	list:  stat.'\n' 

	'\n'  shift 10
	.  error


state 3
	stat:  expr.    (3)
	expr:  expr.'+' expr 
	expr:  expr.'-' expr 
	expr:  expr.'*' expr 
	expr:  expr.'/' expr 
	expr:  expr.'%' expr 
	expr:  expr.'&' expr 
	expr:  expr.'|' expr 

	'|'  shift 17
	'&'  shift 16
	'+'  shift 11
	'-'  shift 12
	'*'  shift 13
	'/'  shift 14
	'%'  shift 15
	.  reduce 3 (src line 50)


state 4
	stat:  LETTER.'=' expr 
	stat:  LETTER.'=' array 
	expr:  LETTER.    (15)

	'='  shift 18
	.  reduce 15 (src line 79)


state 5
	expr:  '('.expr ')' 

	DIGIT  shift 9
	LETTER  shift 20
	'-'  shift 6
	'('  shift 5
	'['  shift 7
	.  error

	expr  goto 19
	number  goto 8

state 6
	expr:  '-'.expr 

	DIGIT  shift 9
	LETTER  shift 20
	'-'  shift 6
	'('  shift 5
	'['  shift 7
	.  error

	expr  goto 21
	number  goto 8

state 7
	expr:  '['.LETTER ']' 

	LETTER  shift 22
	.  error


state 8
	expr:  number.    (17)
	number:  number.DIGIT 

	DIGIT  shift 23
	.  reduce 17 (src line 83)


state 9
	number:  DIGIT.    (21)

	.  reduce 21 (src line 96)


state 10
	list:  stat '\n'.    (2)

	.  reduce 2 (src line 47)


state 11
	expr:  expr '+'.expr 

	DIGIT  shift 9
	LETTER  shift 20
	'-'  shift 6
	'('  shift 5
	'['  shift 7
	.  error

	expr  goto 24
	number  goto 8

state 12
	expr:  expr '-'.expr 

	DIGIT  shift 9
	LETTER  shift 20
	'-'  shift 6
	'('  shift 5
	'['  shift 7
	.  error

	expr  goto 25
	number  goto 8

state 13
	expr:  expr '*'.expr 

	DIGIT  shift 9
	LETTER  shift 20
	'-'  shift 6
	'('  shift 5
	'['  shift 7
	.  error

	expr  goto 26
	number  goto 8

state 14
	expr:  expr '/'.expr 

	DIGIT  shift 9
	LETTER  shift 20
	'-'  shift 6
	'('  shift 5
	'['  shift 7
	.  error

	expr  goto 27
	number  goto 8

state 15
	expr:  expr '%'.expr 

	DIGIT  shift 9
	LETTER  shift 20
	'-'  shift 6
	'('  shift 5
	'['  shift 7
	.  error

	expr  goto 28
	number  goto 8

state 16
	expr:  expr '&'.expr 

	DIGIT  shift 9
	LETTER  shift 20
	'-'  shift 6
	'('  shift 5
	'['  shift 7
	.  error

	expr  goto 29
	number  goto 8

state 17
	expr:  expr '|'.expr 

	DIGIT  shift 9
	LETTER  shift 20
	'-'  shift 6
	'('  shift 5
	'['  shift 7
	.  error

	expr  goto 30
	number  goto 8

state 18
	stat:  LETTER '='.expr 
	stat:  LETTER '='.array 

	DIGIT  shift 9
	LETTER  shift 20
	'-'  shift 6
	'('  shift 5
	'['  shift 33
	.  error

	expr  goto 31
	number  goto 8
	array  goto 32

state 19
	expr:  '(' expr.')' 
	expr:  expr.'+' expr 
	expr:  expr.'-' expr 
	expr:  expr.'*' expr 
	expr:  expr.'/' expr 
	expr:  expr.'%' expr 
	expr:  expr.'&' expr 
	expr:  expr.'|' expr 

	'|'  shift 17
	'&'  shift 16
	'+'  shift 11
	'-'  shift 12
	'*'  shift 13
	'/'  shift 14
	'%'  shift 15
	')'  shift 34
	.  error


state 20
	expr:  LETTER.    (15)

	.  reduce 15 (src line 79)


state 21
	expr:  expr.'+' expr 
	expr:  expr.'-' expr 
	expr:  expr.'*' expr 
	expr:  expr.'/' expr 
	expr:  expr.'%' expr 
	expr:  expr.'&' expr 
	expr:  expr.'|' expr 
	expr:  '-' expr.    (14)

	.  reduce 14 (src line 77)


state 22
	expr:  '[' LETTER.']' 

	']'  shift 35
	.  error


state 23
	number:  number DIGIT.    (22)

	.  reduce 22 (src line 105)


state 24
	expr:  expr.'+' expr 
	expr:  expr '+' expr.    (7)
	expr:  expr.'-' expr 
	expr:  expr.'*' expr 
	expr:  expr.'/' expr 
	expr:  expr.'%' expr 
	expr:  expr.'&' expr 
	expr:  expr.'|' expr 

	'*'  shift 13
	'/'  shift 14
	'%'  shift 15
	.  reduce 7 (src line 63)


state 25
	expr:  expr.'+' expr 
	expr:  expr.'-' expr 
	expr:  expr '-' expr.    (8)
	expr:  expr.'*' expr 
	expr:  expr.'/' expr 
	expr:  expr.'%' expr 
	expr:  expr.'&' expr 
	expr:  expr.'|' expr 

	'*'  shift 13
	'/'  shift 14
	'%'  shift 15
	.  reduce 8 (src line 65)


state 26
	expr:  expr.'+' expr 
	expr:  expr.'-' expr 
	expr:  expr.'*' expr 
	expr:  expr '*' expr.    (9)
	expr:  expr.'/' expr 
	expr:  expr.'%' expr 
	expr:  expr.'&' expr 
	expr:  expr.'|' expr 

	.  reduce 9 (src line 67)


state 27
	expr:  expr.'+' expr 
	expr:  expr.'-' expr 
	expr:  expr.'*' expr 
	expr:  expr.'/' expr 
	expr:  expr '/' expr.    (10)
	expr:  expr.'%' expr 
	expr:  expr.'&' expr 
	expr:  expr.'|' expr 

	.  reduce 10 (src line 69)


state 28
	expr:  expr.'+' expr 
	expr:  expr.'-' expr 
	expr:  expr.'*' expr 
	expr:  expr.'/' expr 
	expr:  expr.'%' expr 
	expr:  expr '%' expr.    (11)
	expr:  expr.'&' expr 
	expr:  expr.'|' expr 

	.  reduce 11 (src line 71)


state 29
	expr:  expr.'+' expr 
	expr:  expr.'-' expr 
	expr:  expr.'*' expr 
	expr:  expr.'/' expr 
	expr:  expr.'%' expr 
	expr:  expr.'&' expr 
	expr:  expr '&' expr.    (12)
	expr:  expr.'|' expr 

	'+'  shift 11
	'-'  shift 12
	'*'  shift 13
	'/'  shift 14
	'%'  shift 15
	.  reduce 12 (src line 73)


state 30
	expr:  expr.'+' expr 
	expr:  expr.'-' expr 
	expr:  expr.'*' expr 
	expr:  expr.'/' expr 
	expr:  expr.'%' expr 
	expr:  expr.'&' expr 
	expr:  expr.'|' expr 
	expr:  expr '|' expr.    (13)

	'&'  shift 16
	'+'  shift 11
	'-'  shift 12
	'*'  shift 13
	'/'  shift 14
	'%'  shift 15
	.  reduce 13 (src line 75)


state 31
	stat:  LETTER '=' expr.    (4)
	expr:  expr.'+' expr 
	expr:  expr.'-' expr 
	expr:  expr.'*' expr 
	expr:  expr.'/' expr 
	expr:  expr.'%' expr 
	expr:  expr.'&' expr 
	expr:  expr.'|' expr 

	'|'  shift 17
	'&'  shift 16
	'+'  shift 11
	'-'  shift 12
	'*'  shift 13
	'/'  shift 14
	'%'  shift 15
	.  reduce 4 (src line 51)


state 32
	stat:  LETTER '=' array.    (5)

	.  reduce 5 (src line 55)


state 33
	expr:  '['.LETTER ']' 
	array:  '['.plenty ']' 

	DIGIT  shift 9
	LETTER  shift 22
	.  error

	number  goto 37
	plenty  goto 36

state 34
	expr:  '(' expr ')'.    (6)

	.  reduce 6 (src line 61)


state 35
	expr:  '[' LETTER ']'.    (16)

	.  reduce 16 (src line 81)


state 36
	array:  '[' plenty.']' 
	plenty:  plenty.',' number 

	']'  shift 38
	','  shift 39
	.  error


state 37
	plenty:  number.',' number 
	number:  number.DIGIT 

	DIGIT  shift 23
	','  shift 40
	.  error


state 38
	array:  '[' plenty ']'.    (18)

	.  reduce 18 (src line 87)


state 39
	plenty:  plenty ','.number 

	DIGIT  shift 9
	.  error

	number  goto 41

state 40
	plenty:  number ','.number 

	DIGIT  shift 9
	.  error

	number  goto 42

state 41
	plenty:  plenty ',' number.    (19)
	number:  number.DIGIT 

	DIGIT  shift 23
	.  reduce 19 (src line 90)


state 42
	plenty:  number ',' number.    (20)
	number:  number.DIGIT 

	DIGIT  shift 23
	.  reduce 20 (src line 92)


20 terminals, 7 nonterminals
23 grammar rules, 43/16000 states
0 shift/reduce, 0 reduce/reduce conflicts reported
56 working sets used
memory: parser 28/240000
19 extra closures
109 shift entries, 1 exceptions
19 goto entries
10 entries saved by goto default
Optimizer space used: output 75/240000
75 table entries, 0 zero
maximum spread: 20, maximum offset: 40
